[debug] [2019-11-17T02:55:05.986Z] ----------------------------------------------------------------------
[debug] [2019-11-17T02:55:05.989Z] Command:       C:\Program Files\nodejs\node.exe C:\Users\Kabin-HP ProBook\AppData\Roaming\npm\node_modules\firebase-tools\lib\bin\firebase.js deploy
[debug] [2019-11-17T02:55:05.990Z] CLI Version:   7.7.0
[debug] [2019-11-17T02:55:05.990Z] Platform:      win32
[debug] [2019-11-17T02:55:05.990Z] Node Version:  v12.13.0
[debug] [2019-11-17T02:55:05.991Z] Time:          Sun Nov 17 2019 09:55:05 GMT+0700 (Indochina Time)
[debug] [2019-11-17T02:55:05.991Z] ----------------------------------------------------------------------
[debug] [2019-11-17T02:55:05.991Z] 
[debug] [2019-11-17T02:55:06.003Z] > command requires scopes: ["email","openid","https://www.googleapis.com/auth/cloudplatformprojects.readonly","https://www.googleapis.com/auth/firebase","https://www.googleapis.com/auth/cloud-platform"]
[debug] [2019-11-17T02:55:06.005Z] > authorizing via signed-in user
[debug] [2019-11-17T02:55:06.005Z] [iam] checking project ohmymoney-9654a for permissions ["firebase.projects.get","firebasehosting.sites.update"]
[debug] [2019-11-17T02:55:06.008Z] > refreshing access token with scopes: ["email","https://www.googleapis.com/auth/cloud-platform","https://www.googleapis.com/auth/cloudplatformprojects.readonly","https://www.googleapis.com/auth/firebase","openid"]
[debug] [2019-11-17T02:55:06.008Z] >>> HTTP REQUEST POST https://www.googleapis.com/oauth2/v3/token  
 <request body omitted>
[debug] [2019-11-17T02:55:06.318Z] <<< HTTP RESPONSE 200
[debug] [2019-11-17T02:55:06.367Z] >>> HTTP REQUEST POST https://cloudresourcemanager.googleapis.com/v1/projects/ohmymoney-9654a:testIamPermissions  

[debug] [2019-11-17T02:55:07.949Z] <<< HTTP RESPONSE 200
[debug] [2019-11-17T02:55:07.955Z] >>> HTTP REQUEST GET https://firebase.googleapis.com/v1beta1/projects/ohmymoney-9654a  
 
[debug] [2019-11-17T02:55:08.586Z] <<< HTTP RESPONSE 200
[info] 
[info] === Deploying to 'ohmymoney-9654a'...
[info] 
[info] i  deploying hosting
[debug] [2019-11-17T02:55:08.610Z] >>> HTTP REQUEST POST https://firebasehosting.googleapis.com/v1beta1/sites/ohmymoney-9654a/versions  

[debug] [2019-11-17T02:59:24.588Z] ----------------------------------------------------------------------
[debug] [2019-11-17T02:59:24.591Z] Command:       C:\Program Files\nodejs\node.exe C:\Users\Kabin-HP ProBook\AppData\Roaming\npm\node_modules\firebase-tools\lib\bin\firebase.js deploy
[debug] [2019-11-17T02:59:24.591Z] CLI Version:   7.7.0
[debug] [2019-11-17T02:59:24.591Z] Platform:      win32
[debug] [2019-11-17T02:59:24.591Z] Node Version:  v12.13.0
[debug] [2019-11-17T02:59:24.593Z] Time:          Sun Nov 17 2019 09:59:24 GMT+0700 (Indochina Time)
[debug] [2019-11-17T02:59:24.593Z] ----------------------------------------------------------------------
[debug] [2019-11-17T02:59:24.593Z] 
[debug] [2019-11-17T02:59:24.605Z] > command requires scopes: ["email","openid","https://www.googleapis.com/auth/cloudplatformprojects.readonly","https://www.googleapis.com/auth/firebase","https://www.googleapis.com/auth/cloud-platform"]
[debug] [2019-11-17T02:59:24.607Z] > authorizing via signed-in user
[debug] [2019-11-17T02:59:24.607Z] [iam] checking project ohmymoney-9654a for permissions ["firebase.projects.get","firebasehosting.sites.update"]
[debug] [2019-11-17T02:59:24.610Z] >>> HTTP REQUEST POST https://cloudresourcemanager.googleapis.com/v1/projects/ohmymoney-9654a:testIamPermissions  

[debug] [2019-11-17T03:00:02.221Z] ----------------------------------------------------------------------
[debug] [2019-11-17T03:00:02.225Z] Command:       C:\Program Files\nodejs\node.exe C:\Users\Kabin-HP ProBook\AppData\Roaming\npm\node_modules\firebase-tools\lib\bin\firebase.js deploy
[debug] [2019-11-17T03:00:02.225Z] CLI Version:   7.7.0
[debug] [2019-11-17T03:00:02.225Z] Platform:      win32
[debug] [2019-11-17T03:00:02.225Z] Node Version:  v12.13.0
[debug] [2019-11-17T03:00:02.226Z] Time:          Sun Nov 17 2019 10:00:02 GMT+0700 (Indochina Time)
[debug] [2019-11-17T03:00:02.226Z] ----------------------------------------------------------------------
[debug] [2019-11-17T03:00:02.226Z] 
[debug] [2019-11-17T03:00:02.238Z] > command requires scopes: ["email","openid","https://www.googleapis.com/auth/cloudplatformprojects.readonly","https://www.googleapis.com/auth/firebase","https://www.googleapis.com/auth/cloud-platform"]
[debug] [2019-11-17T03:00:02.239Z] > authorizing via signed-in user
[debug] [2019-11-17T03:00:02.240Z] [iam] checking project ohmymoney-9654a for permissions ["firebase.projects.get","firebasehosting.sites.update"]
[debug] [2019-11-17T03:00:02.242Z] >>> HTTP REQUEST POST https://cloudresourcemanager.googleapis.com/v1/projects/ohmymoney-9654a:testIamPermissions  

[debug] [2019-11-17T03:00:03.722Z] <<< HTTP RESPONSE 200
[debug] [2019-11-17T03:00:03.731Z] >>> HTTP REQUEST GET https://firebase.googleapis.com/v1beta1/projects/ohmymoney-9654a  
 
[debug] [2019-11-17T03:00:04.163Z] <<< HTTP RESPONSE 200
[info] 
[info] === Deploying to 'ohmymoney-9654a'...
[info] 
[info] i  deploying hosting
[debug] [2019-11-17T03:00:04.175Z] >>> HTTP REQUEST POST https://firebasehosting.googleapis.com/v1beta1/sites/ohmymoney-9654a/versions  

[debug] [2019-11-17T03:00:06.188Z] <<< HTTP RESPONSE 200
[info] i  hosting[ohmymoney-9654a]: beginning deploy...
[info] i  hosting[ohmymoney-9654a]: found 10 files in dist/ohmymoney
[debug] [2019-11-17T03:00:06.360Z] [hosting] hash cache [ZGlzdFxvaG15bW9uZXk] stored for 10 files
[debug] [2019-11-17T03:00:06.360Z] [hosting][hash queue][FINAL]
[debug] [2019-11-17T03:00:06.360Z] >>> HTTP REQUEST POST https://firebasehosting.googleapis.com/v1beta1/sites/ohmymoney-9654a/versions/25a2ea223fc19945:populateFiles  
 <request body omitted>
[debug] [2019-11-17T03:00:08.344Z] <<< HTTP RESPONSE 200
[debug] [2019-11-17T03:00:08.356Z] [hosting][populate queue][FINAL]
[debug] [2019-11-17T03:00:08.357Z] [hosting] uploads queued: 3
[debug] [2019-11-17T03:01:08.875Z] [uploadQueue] Retrying task 13b88d0d7989e34f026364db0a6c8da88cae77f28eafaf0cb871b379661fbe1d
[debug] [2019-11-17T03:02:09.804Z] [uploadQueue] Retrying task 13b88d0d7989e34f026364db0a6c8da88cae77f28eafaf0cb871b379661fbe1d
[debug] [2019-11-17T03:02:13.538Z] [hosting][upload queue][FINAL]
[info] +  hosting[ohmymoney-9654a]: file upload complete
[debug] [2019-11-17T03:02:13.544Z] [hosting] deploy completed after 127350ms
